android/build/intermediates/manifest_merge_blame_file/debug/manifest-merger-blame-debug-report.txt
1<?xml version="1.0" encoding="utf-8"?>
2<manifest xmlns:android="http://schemas.android.com/apk/res/android"
3    package="ober.gondolin.android"
4    android:versionCode="1"
5    android:versionName="1.0" >
6
7    <uses-sdk
8        android:minSdkVersion="23"
8-->src/main/AndroidManifest.xml
9        android:targetSdkVersion="30" />
9-->src/main/AndroidManifest.xml
10
11    <uses-permission android:name="android.permission.READ_EXTERNAL_STORAGE" />
11-->src/main/AndroidManifest.xml:5:5-80
11-->src/main/AndroidManifest.xml:5:22-77
12    <uses-permission android:name="android.permission.WRITE_EXTERNAL_STORAGE" />
12-->src/main/AndroidManifest.xml:6:5-81
12-->src/main/AndroidManifest.xml:6:22-78
13    <uses-permission android:name="android.permission.INTERNET" />
13-->src/main/AndroidManifest.xml:7:5-66
13-->src/main/AndroidManifest.xml:7:22-64
14
15    <application
15-->src/main/AndroidManifest.xml:9:5-25:19
16        android:name="ober.gondolin.android.App"
16-->src/main/AndroidManifest.xml:13:9-28
17        android:allowBackup="true"
17-->src/main/AndroidManifest.xml:10:9-35
18        android:appComponentFactory="androidx.core.app.CoreComponentFactory"
18-->[androidx.core:core:1.5.0-beta01] AndroidManifest.xml:24:18-86
19        android:debuggable="true"
20        android:extractNativeLibs="false"
21        android:icon="@mipmap/ic_launcher"
21-->src/main/AndroidManifest.xml:11:9-43
22        android:label="@string/app_name"
22-->src/main/AndroidManifest.xml:12:9-41
23        android:roundIcon="@mipmap/ic_launcher_round"
23-->src/main/AndroidManifest.xml:14:9-54
24        android:supportsRtl="true"
24-->src/main/AndroidManifest.xml:15:9-35
25        android:testOnly="true"
26        android:theme="@style/Theme.AppCompat.Light.NoActionBar" >
26-->src/main/AndroidManifest.xml:16:9-65
27        <activity
27-->src/main/AndroidManifest.xml:17:9-24:20
28            android:name="ober.gondolin.android.MainActivity"
28-->src/main/AndroidManifest.xml:18:13-62
29            android:label="@string/app_name" >
29-->src/main/AndroidManifest.xml:19:13-45
30            <intent-filter>
30-->src/main/AndroidManifest.xml:20:13-23:29
31                <action android:name="android.intent.action.MAIN" />
31-->src/main/AndroidManifest.xml:21:17-69
31-->src/main/AndroidManifest.xml:21:25-66
32
33                <category android:name="android.intent.category.LAUNCHER" />
33-->src/main/AndroidManifest.xml:22:17-77
33-->src/main/AndroidManifest.xml:22:27-74
34            </intent-filter>
35        </activity>
36    </application>
37
38</manifest>